<?xml version="1.0" encoding="UTF-8"?>
<!--

    Copyright 2010 VÃ¤stra GÃ¶talandsregionen

      This library is free software; you can redistribute it and/or modify
      it under the terms of version 2.1 of the GNU Lesser General Public
      License as published by the Free Software Foundation.

      This library is distributed in the hope that it will be useful,
      but WITHOUT ANY WARRANTY; without even the implied warranty of
      MERCHANTABILITY or FITNESS FOR A PARTICULAR PURPOSE.  See the
      GNU Lesser General Public License for more details.

      You should have received a copy of the GNU Lesser General Public
      License along with this library; if not, write to the
      Free Software Foundation, Inc., 59 Temple Place, Suite 330,
      Boston, MA 02111-1307  USA


-->

<beans xmlns="http://www.springframework.org/schema/beans" xmlns:xsi="http://www.w3.org/2001/XMLSchema-instance"
       xmlns:context="http://www.springframework.org/schema/context" xmlns:tx="http://www.springframework.org/schema/tx"
       xsi:schemaLocation="http://www.springframework.org/schema/beans http://www.springframework.org/schema/beans/spring-beans-3.0.xsd
		http://www.springframework.org/schema/context http://www.springframework.org/schema/context/spring-context-3.0.xsd
		http://www.springframework.org/schema/tx http://www.springframework.org/schema/tx/spring-tx-3.0.xsd">

  <context:annotation-config/>
  <tx:annotation-driven proxy-target-class="true"/>

  <bean id="transactionManager" class="org.springframework.orm.jpa.JpaTransactionManager">
    <property name="entityManagerFactory" ref="entityManagerFactory"/>
  </bean>

  <bean id="entityManagerFactory" class="org.springframework.orm.jpa.LocalContainerEntityManagerFactoryBean">
    <property name="dataSource" ref="dataSource"/>
    <property name="jpaVendorAdapter" ref="hibernateJpaVendor"/>
    <property name="persistenceXmlLocation" value="classpath:idea-persistence.xml"></property>
    <property name="jpaProperties">
      <props>
        <prop key="hibernate.show_sql">false</prop>
        <prop key="hibernate.format_sql">true</prop>
      </props>
    </property>
  </bean>

  <bean id="hibernateJpaVendor" class="org.springframework.orm.jpa.vendor.HibernateJpaVendorAdapter">
    <property name="generateDdl" value="true"/>
    <property name="databasePlatform" value="org.hibernate.dialect.HSQLDialect"/>
    <property name="database" value="HSQL"/>
  </bean>

  <bean id="dataSource" class="org.springframework.jdbc.datasource.DriverManagerDataSource">
    <property name="driverClassName" value="org.hsqldb.jdbcDriver"/>
    <property name="url" value="jdbc:hsqldb:mem:aname"/>
    <property name="username" value="sa"/>
    <property name="password" value=""/>
  </bean>

  <bean id="transactionTemplate" class="org.springframework.transaction.support.TransactionTemplate">
      <constructor-arg ref="transactionManager" />
  </bean>

</beans>
